{"contracts/TranscriptionRequest.sol":{"l":{"15":4,"16":4,"17":4,"18":4,"20":4,"24":0,"28":1,"67":4,"72":0,"79":0},"path":"/Users/tulgaenhsaihan/Documents/Blockchain Academy/dApp/contracts/TranscriptionRequest.sol","s":{"1":4,"2":4,"3":4,"4":0,"5":1,"6":4,"7":0},"b":{},"f":{"1":4,"2":0,"3":1,"4":4,"5":0},"fnMap":{"1":{"name":"createTranscriptionRequest","line":14,"loc":{"start":{"line":14,"column":4},"end":{"line":14,"column":46}}},"2":{"name":"verifyTranscriptionRequest","line":23,"loc":{"start":{"line":23,"column":4},"end":{"line":23,"column":94}}},"3":{"name":"getTranscriptionRequestsCount","line":27,"loc":{"start":{"line":27,"column":4},"end":{"line":27,"column":69}}},"4":{"name":null,"line":66,"loc":{"start":{"line":66,"column":4},"end":{"line":66,"column":40}}},"5":{"name":"transcribeText","line":70,"loc":{"start":{"line":70,"column":4},"end":{"line":70,"column":63}}}},"statementMap":{"1":{"start":{"line":15,"column":8},"end":{"line":15,"column":77}},"2":{"start":{"line":17,"column":8},"end":{"line":17,"column":68}},"3":{"start":{"line":20,"column":8},"end":{"line":20,"column":69}},"4":{"start":{"line":24,"column":8},"end":{"line":24,"column":66}},"5":{"start":{"line":28,"column":8},"end":{"line":28,"column":51}},"6":{"start":{"line":67,"column":8},"end":{"line":67,"column":29}},"7":{"start":{"line":72,"column":8},"end":{"line":72,"column":2107}}},"branchMap":{}}}