{"contracts/TranscriptionRequest.sol":{"l":{"15":2,"16":2,"17":2,"18":2,"20":2,"24":0,"28":1,"37":2},"path":"/Users/tulgaenhsaihan/Documents/Blockchain Academy/dApp/contracts/TranscriptionRequest.sol","s":{"1":2,"2":2,"3":2,"4":0,"5":1,"6":2},"b":{},"f":{"1":2,"2":0,"3":1,"4":2},"fnMap":{"1":{"name":"createTranscriptionRequest","line":14,"loc":{"start":{"line":14,"column":4},"end":{"line":14,"column":46}}},"2":{"name":"verifyTranscriptionRequest","line":23,"loc":{"start":{"line":23,"column":4},"end":{"line":23,"column":94}}},"3":{"name":"getTranscriptionRequestsCount","line":27,"loc":{"start":{"line":27,"column":4},"end":{"line":27,"column":69}}},"4":{"name":null,"line":36,"loc":{"start":{"line":36,"column":4},"end":{"line":36,"column":40}}}},"statementMap":{"1":{"start":{"line":15,"column":8},"end":{"line":15,"column":77}},"2":{"start":{"line":17,"column":8},"end":{"line":17,"column":68}},"3":{"start":{"line":20,"column":8},"end":{"line":20,"column":69}},"4":{"start":{"line":24,"column":8},"end":{"line":24,"column":66}},"5":{"start":{"line":28,"column":6},"end":{"line":28,"column":49}},"6":{"start":{"line":37,"column":8},"end":{"line":37,"column":29}}},"branchMap":{}}}